<?xml version="1.0" encoding="UTF-8"?>
<testsuites name="Logout Test Suit" time="20.565" tests="1" failures="0" errors="0">
   <testsuite name="Logout Test Suit" tests="1" failures="0" errors="0" time="20.565" skipped="0" timestamp="18-03-2025T13:21:30" hostname="sitdo - DESKTOP-9QMJIRE" id="Test Suites/Logout Test Suit">
      <properties>
         <property name="deviceName" value=""/>
         <property name="devicePlatform"/>
         <property name="logFolder" value="C:\\Users\\sitdo\\git\\Katalon_AutomationTesting\\Reports\\20250318_131753\\Logout Test Suit\\20250318_131756"/>
         <property name="logFiles" value="C:\\Users\\sitdo\\git\\Katalon_AutomationTesting\\Reports\\20250318_131753\\Logout Test Suit\\20250318_131756\\execution0.log"/>
         <property name="attachments" value=""/>
         <property name="hostName" value="sitdo - DESKTOP-9QMJIRE"/>
         <property name="os" value="Windows 10 64bit"/>
         <property name="katalonVersion" value="10.1.1.0"/>
         <property name="browser" value="Chrome 134.0.6998.89"/>
         <property name="hostAddress" value="192.168.1.8"/>
         <property name="sessionId" value="bb7c1086798e73ca0b9847a67ef2a280"/>
         <property name="seleniumVersion" value="4.22.0"/>
         <property name="proxyInformation" value="ProxyInformation { proxyOption=NO_PROXY, proxyServerType=HTTP, username=, password=********, proxyServerAddress=, proxyServerPort=0, executionList=&quot;&quot;, isApplyToDesiredCapabilities=true }"/>
         <property name="platform" value="Windows 10"/>
      </properties>
      <testcase name="Test Cases/Logout Test/Logout Testing" time="20.151" classname="Test Cases/Logout Test/Logout Testing" status="PASSED">
         <system-out><![CDATA[18-03-2025T13:21:31 - [TEST_CASE][PASSED] - Test Cases/Logout Test/Logout Testing: Test Cases/Logout Test/Logout Testing

18-03-2025T13:21:31 - [TEST_STEP][PASSED] - openBrowser(""): Browser is opened with url: ''

18-03-2025T13:21:32 - [MESSAGE][INFO] - Starting 'Chrome' driver

18-03-2025T13:21:32 - [MESSAGE][INFO] - Action delay is set to 0 milliseconds

18-03-2025T13:21:36 - [MESSAGE][PASSED] - Browser is opened with url: ''

18-03-2025T13:21:36 - [TEST_STEP][PASSED] - navigateToUrl("https://practice.automationtesting.in/my-account/"): Navigate to 'https://practice.automationtesting.in/my-account/' successfully

18-03-2025T13:21:41 - [MESSAGE][PASSED] - Navigate to 'https://practice.automationtesting.in/my-account/' successfully

18-03-2025T13:21:41 - [TEST_STEP][PASSED] - setText(findTestObject("Object Repository/Logout Test/Page_My Account  Automation Practice Site/input__username"), "minhanmai@gmail.com"): Text 'minhanmai@gmail.com' is set on object 'Object Repository/Logout Test/Page_My Account  Automation Practice Site/input__username'

18-03-2025T13:21:42 - [MESSAGE][PASSED] - Text 'minhanmai@gmail.com' is set on object 'Object Repository/Logout Test/Page_My Account  Automation Practice Site/input__username'

18-03-2025T13:21:42 - [TEST_STEP][PASSED] - setEncryptedText(findTestObject("Object Repository/Logout Test/Page_My Account  Automation Practice Site/input__password"), "9NAsGwMuiTI8GFBWJLsj/Q=="): Text ****** has been set on object 'Object Repository/Logout Test/Page_My Account  Automation Practice Site/input__password'

18-03-2025T13:21:43 - [MESSAGE][PASSED] - Text ****** has been set on object 'Object Repository/Logout Test/Page_My Account  Automation Practice Site/input__password'

18-03-2025T13:21:43 - [TEST_STEP][PASSED] - click(findTestObject("Object Repository/Logout Test/Page_My Account  Automation Practice Site/input__login")): Object: 'Object Repository/Logout Test/Page_My Account  Automation Practice Site/input__login' is clicked on

18-03-2025T13:21:43 - [MESSAGE][PASSED] - Object: 'Object Repository/Logout Test/Page_My Account  Automation Practice Site/input__login' is clicked on

18-03-2025T13:21:43 - [TEST_STEP][PASSED] - verifyElementPresent(findTestObject("Logout Test/Page_My Account  Automation Practice Site/a_Sign out"), 0): Object 'Object Repository/Logout Test/Page_My Account  Automation Practice Site/a_Sign out' is present

18-03-2025T13:21:43 - [MESSAGE][WARNING] - Timeout '0' is invalid. Using default page load timeout: '30'

18-03-2025T13:21:47 - [MESSAGE][PASSED] - Object 'Object Repository/Logout Test/Page_My Account  Automation Practice Site/a_Sign out' is present

18-03-2025T13:21:47 - [TEST_STEP][PASSED] - click(findTestObject("Object Repository/Logout Test/Page_My Account  Automation Practice Site/a_Sign out")): Object: 'Object Repository/Logout Test/Page_My Account  Automation Practice Site/a_Sign out' is clicked on

18-03-2025T13:21:50 - [MESSAGE][PASSED] - Object: 'Object Repository/Logout Test/Page_My Account  Automation Practice Site/a_Sign out' is clicked on

18-03-2025T13:21:50 - [TEST_STEP][PASSED] - closeBrowser(): Browser is closed

18-03-2025T13:21:51 - [MESSAGE][PASSED] - Browser is closed]]></system-out>
         <system-err><![CDATA[]]></system-err>
      </testcase>
      <system-out><![CDATA[18-03-2025T13:21:30 - [TEST_SUITE][PASSED] - Logout Test Suit: Test Cases/Logout Test/Logout Testing]]></system-out>
      <system-err><![CDATA[]]></system-err>
   </testsuite>
</testsuites>
