<?xml version="1.0" encoding="UTF-8"?>
<testsuites name="Test Listener Suit" time="28.447" tests="2" failures="0" errors="0">
   <testsuite name="Test Listener Suit" tests="2" failures="0" errors="0" time="28.447" skipped="0" timestamp="21-03-2025T13:55:28" hostname="sitdo - DESKTOP-9QMJIRE" id="Test Suites/Test Listener Suit">
      <properties>
         <property name="deviceName" value=""/>
         <property name="devicePlatform"/>
         <property name="logFolder" value="C:\\Users\\sitdo\\git\\Katalon_AutomationTesting\\Reports\\20250321_135521\\Test Listener Suit\\20250321_135521"/>
         <property name="logFiles" value="C:\\Users\\sitdo\\git\\Katalon_AutomationTesting\\Reports\\20250321_135521\\Test Listener Suit\\20250321_135521\\execution0.log"/>
         <property name="attachments" value=""/>
         <property name="hostName" value="sitdo - DESKTOP-9QMJIRE"/>
         <property name="os" value="Windows 10 64bit"/>
         <property name="katalonVersion" value="10.1.1.0"/>
         <property name="browser" value="Chrome 134.0.6998.118"/>
         <property name="hostAddress" value="192.168.1.8"/>
         <property name="sessionId" value="3c0cee3f04113301fb0838f5ef83338f"/>
         <property name="seleniumVersion" value="4.22.0"/>
         <property name="proxyInformation" value="ProxyInformation { proxyOption=NO_PROXY, proxyServerType=HTTP, username=, password=********, proxyServerAddress=, proxyServerPort=0, executionList=&quot;&quot;, isApplyToDesiredCapabilities=true }"/>
         <property name="platform" value="Windows 10"/>
      </properties>
      <testcase name="Test Cases/Login Test/Test Listener" time="16.455" classname="Test Cases/Login Test/Test Listener" status="PASSED">
         <system-out><![CDATA[21-03-2025T13:55:29 - [TEST_CASE][PASSED] - Test Cases/Login Test/Test Listener: Test Cases/Login Test/Test Listener

21-03-2025T13:55:29 - [TEST_STEP][PASSED] - Start listener action : sampleBeforeTestCase: Current window maximized

21-03-2025T13:55:29 - [TEST_STEP][PASSED] - openBrowser("https://practice.automationtesting.in/my-account/"): Browser is opened with url: 'https://practice.automationtesting.in/my-account/'

21-03-2025T13:55:30 - [MESSAGE][INFO] - Starting 'Chrome' driver

21-03-2025T13:55:30 - [MESSAGE][INFO] - Action delay is set to 0 milliseconds

21-03-2025T13:55:37 - [MESSAGE][PASSED] - Browser is opened with url: 'https://practice.automationtesting.in/my-account/'

21-03-2025T13:55:37 - [TEST_STEP][PASSED] - maximizeWindow(): Current window maximized

21-03-2025T13:55:38 - [MESSAGE][PASSED] - Current window maximized

21-03-2025T13:55:38 - [TEST_STEP][PASSED] - setText(findTestObject("TC04-Manual Scriptless Mode Element/Page_My Account  Automation Practice Site/input__username"), "hangminhan@gmail.com"): Text 'hangminhan@gmail.com' is set on object 'Object Repository/TC04-Manual Scriptless Mode Element/Page_My Account  Automation Practice Site/input__username'

21-03-2025T13:55:39 - [MESSAGE][PASSED] - Text 'hangminhan@gmail.com' is set on object 'Object Repository/TC04-Manual Scriptless Mode Element/Page_My Account  Automation Practice Site/input__username'

21-03-2025T13:55:39 - [TEST_STEP][PASSED] - setText(findTestObject("TC04-Manual Scriptless Mode Element/Page_My Account  Automation Practice Site/input__password"), "hangminhan"): Text 'hangminhan' is set on object 'Object Repository/TC04-Manual Scriptless Mode Element/Page_My Account  Automation Practice Site/input__password'

21-03-2025T13:55:40 - [MESSAGE][PASSED] - Text 'hangminhan' is set on object 'Object Repository/TC04-Manual Scriptless Mode Element/Page_My Account  Automation Practice Site/input__password'

21-03-2025T13:55:40 - [TEST_STEP][PASSED] - click(findTestObject("TC04-Manual Scriptless Mode Element/Page_My Account  Automation Practice Site/input__login")): Object: 'Object Repository/TC04-Manual Scriptless Mode Element/Page_My Account  Automation Practice Site/input__login' is clicked on

21-03-2025T13:55:42 - [MESSAGE][PASSED] - Object: 'Object Repository/TC04-Manual Scriptless Mode Element/Page_My Account  Automation Practice Site/input__login' is clicked on

21-03-2025T13:55:42 - [TEST_STEP][PASSED] - verifyElementText(findTestObject("TC04-Manual Scriptless Mode Element/Page_My Account  Automation Practice Site/strong_minhanmai"), "hangminhan"): Actual text and expected text of test object 'Object Repository/TC04-Manual Scriptless Mode Element/Page_My Account  Automation Practice Site/strong_minhanmai' are matched.

21-03-2025T13:55:43 - [MESSAGE][PASSED] - Actual text and expected text of test object 'Object Repository/TC04-Manual Scriptless Mode Element/Page_My Account  Automation Practice Site/strong_minhanmai' are matched.

21-03-2025T13:55:43 - [TEST_STEP][PASSED] - Start listener action : sampleAfterTestCase: Browser is closed

21-03-2025T13:55:43 - [TEST_STEP][PASSED] - closeBrowser(): Browser is closed

21-03-2025T13:55:45 - [MESSAGE][PASSED] - Browser is closed]]></system-out>
         <system-err><![CDATA[]]></system-err>
      </testcase>
      <testcase name="Test Cases/Login Test/Test Listener - Z" time="11.543" classname="Test Cases/Login Test/Test Listener - Z" status="PASSED">
         <system-out><![CDATA[21-03-2025T13:55:45 - [TEST_CASE][PASSED] - Test Cases/Login Test/Test Listener - Z: Test Cases/Login Test/Test Listener - Z

21-03-2025T13:55:45 - [TEST_STEP][PASSED] - Start listener action : sampleBeforeTestCase: Current window maximized

21-03-2025T13:55:45 - [TEST_STEP][PASSED] - openBrowser("https://practice.automationtesting.in/my-account/"): Browser is opened with url: 'https://practice.automationtesting.in/my-account/'

21-03-2025T13:55:45 - [MESSAGE][INFO] - Starting 'Chrome' driver

21-03-2025T13:55:45 - [MESSAGE][INFO] - Action delay is set to 0 milliseconds

21-03-2025T13:55:51 - [MESSAGE][PASSED] - Browser is opened with url: 'https://practice.automationtesting.in/my-account/'

21-03-2025T13:55:51 - [TEST_STEP][PASSED] - maximizeWindow(): Current window maximized

21-03-2025T13:55:52 - [MESSAGE][PASSED] - Current window maximized

21-03-2025T13:55:52 - [TEST_STEP][PASSED] - setText(findTestObject("TC04-Manual Scriptless Mode Element/Page_My Account  Automation Practice Site/input__username"), "minhanmai@gmail.com"): Text 'minhanmai@gmail.com' is set on object 'Object Repository/TC04-Manual Scriptless Mode Element/Page_My Account  Automation Practice Site/input__username'

21-03-2025T13:55:53 - [MESSAGE][PASSED] - Text 'minhanmai@gmail.com' is set on object 'Object Repository/TC04-Manual Scriptless Mode Element/Page_My Account  Automation Practice Site/input__username'

21-03-2025T13:55:53 - [TEST_STEP][PASSED] - setText(findTestObject("TC04-Manual Scriptless Mode Element/Page_My Account  Automation Practice Site/input__password"), "hangminhan"): Text 'hangminhan' is set on object 'Object Repository/TC04-Manual Scriptless Mode Element/Page_My Account  Automation Practice Site/input__password'

21-03-2025T13:55:54 - [MESSAGE][PASSED] - Text 'hangminhan' is set on object 'Object Repository/TC04-Manual Scriptless Mode Element/Page_My Account  Automation Practice Site/input__password'

21-03-2025T13:55:54 - [TEST_STEP][PASSED] - click(findTestObject("TC04-Manual Scriptless Mode Element/Page_My Account  Automation Practice Site/input__login")): Object: 'Object Repository/TC04-Manual Scriptless Mode Element/Page_My Account  Automation Practice Site/input__login' is clicked on

21-03-2025T13:55:56 - [MESSAGE][PASSED] - Object: 'Object Repository/TC04-Manual Scriptless Mode Element/Page_My Account  Automation Practice Site/input__login' is clicked on

21-03-2025T13:55:56 - [TEST_STEP][PASSED] - verifyElementText(findTestObject("TC04-Manual Scriptless Mode Element/Page_My Account  Automation Practice Site/strong_minhanmai"), "minhanmai"): Actual text and expected text of test object 'Object Repository/TC04-Manual Scriptless Mode Element/Page_My Account  Automation Practice Site/strong_minhanmai' are matched.

21-03-2025T13:55:57 - [MESSAGE][PASSED] - Actual text and expected text of test object 'Object Repository/TC04-Manual Scriptless Mode Element/Page_My Account  Automation Practice Site/strong_minhanmai' are matched.

21-03-2025T13:55:57 - [TEST_STEP][PASSED] - Start listener action : sampleAfterTestCase: Browser is closed

21-03-2025T13:55:57 - [TEST_STEP][PASSED] - closeBrowser(): Browser is closed

21-03-2025T13:55:57 - [MESSAGE][PASSED] - Browser is closed]]></system-out>
         <system-err><![CDATA[]]></system-err>
      </testcase>
      <system-out><![CDATA[21-03-2025T13:55:28 - [TEST_SUITE][PASSED] - Test Listener Suit: Test Cases/Login Test/Test Listener - Z]]></system-out>
      <system-err><![CDATA[]]></system-err>
   </testsuite>
</testsuites>
